[23:25:15] [main/INFO]: Setting user: Player318
[23:25:17] [Client thread/INFO]: LWJGL Version: 2.9.1
[23:25:20] [Client thread/INFO]: Reloading ResourceManager: Default, FMLFileResourcePack:Forge Mod Loader, FMLFileResourcePack:Minecraft Forge, FMLFileResourcePack:Teleport Craft
[23:25:21] [Sound Library Loader/INFO]: Sound engine started
[23:25:22] [Client thread/INFO]: Created: 512x256 textures/blocks-atlas
[23:25:22] [Client thread/INFO]: Created: 512x256 textures/items-atlas
[23:25:22] [Client thread/INFO]: Reloading ResourceManager: Default, FMLFileResourcePack:Forge Mod Loader, FMLFileResourcePack:Minecraft Forge, FMLFileResourcePack:TeleCraft
[23:25:23] [Client thread/INFO]: Created: 512x256 textures/blocks-atlas
[23:25:23] [Client thread/INFO]: Created: 512x256 textures/items-atlas
[23:25:24] [Sound Library Loader/INFO]: Sound engine started
[23:25:58] [Server thread/INFO]: Starting integrated minecraft server version 1.7.10
[23:25:58] [Server thread/INFO]: Generating keypair
[23:25:59] [Server thread/INFO]: Preparing start region for level 0
[23:25:59] [Server thread/INFO]: Changing view distance to 8, from 10
[23:26:00] [Server thread/INFO]: Player318[local:E:b2cc3906] logged in with entity id 201 at (51.947355718286126, 67.0, 23.46618571075846)
[23:26:00] [Server thread/INFO]: Player318 joined the game
[23:27:11] [Server thread/INFO]: [Player318: Set own game mode to Creative Mode]
[23:27:11] [Client thread/INFO]: [CHAT] Your game mode has been updated
[23:27:12] [Server thread/INFO]: Player318 has just earned the achievement [Taking Inventory]
[23:27:12] [Client thread/INFO]: [CHAT] Player318 has just earned the achievement [Taking Inventory]
[23:28:50] [Server thread/INFO]: [Player318: Set own game mode to Survival Mode]
[23:28:50] [Client thread/INFO]: [CHAT] Your game mode has been updated
[23:29:27] [Server thread/INFO]: Saving and pausing game...
[23:29:27] [Server thread/INFO]: Saving chunks for level 'Debug world'/Overworld
[23:29:27] [Server thread/INFO]: Saving chunks for level 'Debug world'/Nether
[23:29:27] [Server thread/INFO]: Saving chunks for level 'Debug world'/The End
[23:29:28] [Client thread/INFO]: Started on 55201
[23:29:28] [Client thread/INFO]: [CHAT] Local game hosted on port 55201
[23:29:31] [Server thread/INFO]: [Player318: Set game difficulty to Peaceful]
[23:29:31] [Client thread/INFO]: [CHAT] Set game difficulty to Peaceful
